92
1:/usr/lib/systemd/systemd--switched-root--system--deserialize16
2:[kthreadd]
3:[rcu_gp]
4:[rcu_par_gp]
6:[kworker/0:0H-kblockd]
8:[mm_percpu_wq]
9:[ksoftirqd/0]
10:[rcu_sched]
11:[migration/0]
12:[watchdog/0]
13:[cpuhp/0]
15:[kdevtmpfs]
16:[netns]
17:[kauditd]
18:[khungtaskd]
19:[oom_reaper]
20:[writeback]
21:[kcompactd0]
22:[ksmd]
23:[khugepaged]
24:[crypto]
25:[kintegrityd]
26:[kblockd]
27:[tpm_dev_wq]
28:[md]
29:[edac-poller]
30:[watchdogd]
31:[kworker/0:1-ata_sff]
33:[kworker/u2:1-events_unbound]
41:[kswapd0]
134:[kthrotld]
135:[acpi_thermal_pm]
136:[kmpath_rdacd]
137:[kaluad]
138:[ipv6_addrconf]
140:[kstrp]
366:[ata_sff]
368:[scsi_eh_0]
370:[scsi_tmf_0]
372:[scsi_eh_1]
375:[scsi_tmf_1]
376:[kworker/u2:2-events_unbound]
379:[scsi_eh_2]
380:[scsi_tmf_2]
386:[kworker/0:1H-kblockd]
443:[kdmflush]
453:[kdmflush]
488:[jbd2/dm-0-8]
489:[ext4-rsv-conver]
580:/usr/lib/systemd/systemd-journald
606:/usr/lib/systemd/systemd-udevd
645:[kdmflush]
648:[irq/18-vmwgfx]
649:[ttm_swap]
673:[jbd2/sda1-8]
674:[ext4-rsv-conver]
685:[xfsalloc]
686:[xfs_mru_cache]
689:[xfs-buf/dm-2]
690:[xfs-conv/dm-2]
691:[xfs-cil/dm-2]
692:[xfs-reclaim/dm-]
693:[xfs-log/dm-2]
694:[xfs-eofblocks/d]
695:[xfsaild/dm-2]
719:/sbin/auditd
727:[rpciod]
729:[kworker/u3:0]
730:[xprtiod]
756:/usr/sbin/ModemManager
757:/usr/sbin/sssd-i--logger=files
759:/usr/sbin/smartd-n-qnever
761:/usr/sbin/gssproxy-D
783:/usr/libexec/sssd/sssd_be--domainimplicit_files--uid0--gid0--logger=files
786:/usr/libexec/platform-python-s/usr/sbin/firewalld--nofork--nopid
787:/usr/libexec/sssd/sssd_nss--uid0--gid0--logger=files
794:/usr/lib/systemd/systemd-logind
802:/usr/sbin/NetworkManager--no-daemon
811:/usr/libexec/platform-python-Es/usr/sbin/tuned-l-P
813:/usr/sbin/sshd-D-oCiphers=aes256-gcm@openssh.com,chacha20-poly1305@openssh.com,aes256-ctr,aes256-cbc,aes128-gcm@openssh.com,aes128-ctr,aes128-cbc-oMACs=hmac-sha2-256-etm@openssh.com,hmac-sha1-etm@openssh.com,umac-128-etm@openssh.com,hmac-sha2-512-etm@openssh.com,hmac-sha2-256,hmac-sha1,umac-128@openssh.com,hmac-sha2-512-oGSSAPIKexAlgorithms=gss-gex-sha1-,gss-group14-sha1--oKexAlgorithms=curve25519-sha256,curve25519-sha256@libssh.org,ecdh-sha2-nistp256,ecdh-sha2-nistp384,ecdh-sha2-nistp521,diffie-hellman-group-exchange-sha256,diffie-hellman-group14-sha256,diffie-hellman-group16-sha512,diffie-hellman-group18-sha512,diffie-hellman-group-exchange-sha1,diffie-hellman-group14-sha1-oHostKeyAlgorithms=rsa-sha2-256,rsa-sha2-256-cert-v01@openssh.com,ecdsa-sha2-nistp256,ecdsa-sha2-nistp256-cert-v01@openssh.com,ecdsa-sha2-nistp384,ecdsa-sha2-nistp384-cert-v01@openssh.com,rsa-sha2-512,rsa-sha2-512-cert-v01@openssh.com,ecdsa-sha2-nistp521,ecdsa-sha2-nistp521-cert-v01@openssh.com,ssh-ed25519,ssh-ed25519-cert-v01@openssh.com,ssh-rsa,ssh-rsa-cert-v01@openssh.com-oPubkeyAcceptedKeyTypes=rsa-sha2-256,rsa-sha2-256-cert-v01@openssh.com,ecdsa-sha2-nistp256,ecdsa-sha2-nistp256-cert-v01@openssh.com,ecdsa-sha2-nistp384,ecdsa-sha2-nistp384-cert-v01@openssh.com,rsa-sha2-512,rsa-sha2-512-cert-v01@openssh.com,ecdsa-sha2-nistp521,ecdsa-sha2-nistp521-cert-v01@openssh.com,ssh-ed25519,ssh-ed25519-cert-v01@openssh.com,ssh-rsa,ssh-rsa-cert-v01@openssh.com-oCASignatureAlgorithms=rsa-sha2-256,ecdsa-sha2-nistp256,ecdsa-sha2-nistp384,rsa-sha2-512,ecdsa-sha2-nistp521,ssh-ed25519,ssh-rsa
1040:/usr/sbin/crond-n
1041:login--root
1044:/usr/sbin/atd-f
1328:/usr/lib/systemd/systemd--user
1334:(sd-pam)
1340:-bash
2250:[kworker/0:0-ata_sff]
6178:[kworker/0:2-events]
6179:/bin/bash./i
6183:psa-uroot
6184:sed1d
6185:awk{printf$1":";for(i=5;i<=NF;i++){printf$i};printf"\n"}
